Usage example: change_mofed_version.sh 4.5-1.0.1
Using TensorFlow backend.
WARNING:tensorflow:From /users/srm4bmri/aladjal/envs/segsrgan/lib/python3.6/site-packages/tensorflow/python/framework/op_def_library.py:263: colocate_with (from tensorflow.python.framework.ops) is deprecated and will be removed in a future version.
Instructions for updating:
Colocations handled automatically by placer.
2020-11-06 00:06:29.696790: I tensorflow/core/platform/cpu_feature_guard.cc:141] Your CPU supports instructions that this TensorFlow binary was not compiled to use: AVX2 FMA
2020-11-06 00:06:29.718403: I tensorflow/core/platform/profile_utils/cpu_utils.cc:94] CPU Frequency: 2397100000 Hz
2020-11-06 00:06:29.718678: I tensorflow/compiler/xla/service/service.cc:150] XLA service 0xf1c630 executing computations on platform Host. Devices:
2020-11-06 00:06:29.718695: I tensorflow/compiler/xla/service/service.cc:158]   StreamExecutor device (0): <undefined>, <undefined>
/users/srm4bmri/aladjal/envs/segsrgan/lib/python3.6/site-packages/scipy/ndimage/interpolation.py:605: UserWarning: From scipy 0.13.0, the output shape of zoom() is calculated with round() instead of int() - for these inputs the size of the returned array has changed.
  "the returned array has changed.", UserWarning)
/users/srm4bmri/aladjal/envs/segsrgan/lib/python3.6/site-packages/sklearn/utils/deprecation.py:86: FutureWarning: Function extract_patches is deprecated; The function feature_extraction.image.extract_patches has been deprecated in 0.22 and will be removed in 0.24.
  warnings.warn(msg, category=FutureWarning)
WARNING:tensorflow:From /users/srm4bmri/aladjal/envs/segsrgan/lib/python3.6/site-packages/tensorflow/python/ops/math_ops.py:3066: to_int32 (from tensorflow.python.ops.math_ops) is deprecated and will be removed in a future version.
Instructions for updating:
Use tf.cast instead.
2020-11-06 00:11:06.199101: W tensorflow/core/framework/allocator.cc:124] Allocation of 5754585088 exceeds 10% of system memory.
2020-11-06 00:11:06.199109: W tensorflow/core/framework/allocator.cc:124] Allocation of 5754585088 exceeds 10% of system memory.
2020-11-06 00:16:07.307490: W tensorflow/core/framework/allocator.cc:124] Allocation of 5754585088 exceeds 10% of system memory.
2020-11-06 00:16:07.307493: W tensorflow/core/framework/allocator.cc:124] Allocation of 5754585088 exceeds 10% of system memory.
2020-11-06 00:21:06.474852: W tensorflow/core/framework/allocator.cc:124] Allocation of 5754585088 exceeds 10% of system memory.
Traceback (most recent call last):
  File "/users/srm4bmri/aladjal/SegSRGAN/train.py", line 75, in <module>
    main()
  File "/users/srm4bmri/aladjal/SegSRGAN/train.py", line 72, in main
    training_epoch = 1)
  File "/users/srm4bmri/aladjal/envs/segsrgan/lib/python3.6/site-packages/SegSRGAN/SegSRGAN_training.py", line 342, in train
    df_dice.to_csv(dice_file)
  File "/users/srm4bmri/aladjal/envs/segsrgan/lib/python3.6/site-packages/pandas/core/frame.py", line 1745, in to_csv
    formatter.save()
  File "/users/srm4bmri/aladjal/envs/segsrgan/lib/python3.6/site-packages/pandas/io/formats/csvs.py", line 136, in save
    compression=None)
  File "/users/srm4bmri/aladjal/envs/segsrgan/lib/python3.6/site-packages/pandas/io/common.py", line 400, in _get_handle
    f = open(path_or_buf, mode, encoding=encoding)
FileNotFoundError: [Errno 2] No such file or directory: '/projets/srm4bmri/results/SegSRGAN/indices/dice.csv'
srun: error: gpu-nc05: task 0: Exited with exit code 1
